mode: set
bairesdev_final_project/internal/service/question.go:33.62,35.2 1 1
bairesdev_final_project/internal/service/question.go:38.85,47.24 2 1
bairesdev_final_project/internal/service/question.go:52.2,52.13 1 1
bairesdev_final_project/internal/service/question.go:47.24,50.3 1 1
bairesdev_final_project/internal/service/question.go:56.87,62.39 2 1
bairesdev_final_project/internal/service/question.go:71.2,71.33 1 1
bairesdev_final_project/internal/service/question.go:62.39,69.3 3 1
bairesdev_final_project/internal/service/question.go:75.87,81.38 2 1
bairesdev_final_project/internal/service/question.go:91.2,91.33 1 1
bairesdev_final_project/internal/service/question.go:81.38,89.3 3 1
bairesdev_final_project/internal/service/question.go:95.49,102.2 2 1
bairesdev_final_project/internal/service/question.go:105.71,112.2 2 1
bairesdev_final_project/internal/service/question.go:115.79,122.2 2 1
bairesdev_final_project/internal/service/question.go:125.65,130.2 2 1
bairesdev_final_project/internal/service/user.go:29.54,31.2 1 1
bairesdev_final_project/internal/service/user.go:34.63,41.2 2 1
bairesdev_final_project/internal/service/user.go:44.71,51.2 2 1
bairesdev_final_project/internal/service/user.go:54.57,59.2 2 1
bairesdev_final_project/internal/handler/question.go:24.44,27.2 2 1
bairesdev_final_project/internal/handler/question.go:30.83,43.16 5 1
bairesdev_final_project/internal/handler/question.go:54.2,55.16 2 1
bairesdev_final_project/internal/handler/question.go:67.2,69.18 2 1
bairesdev_final_project/internal/handler/question.go:81.2,82.44 2 1
bairesdev_final_project/internal/handler/question.go:43.16,53.3 4 0
bairesdev_final_project/internal/handler/question.go:55.16,65.3 4 0
bairesdev_final_project/internal/handler/question.go:69.18,79.3 4 1
bairesdev_final_project/internal/handler/question.go:86.83,102.16 5 1
bairesdev_final_project/internal/handler/question.go:118.2,121.21 3 1
bairesdev_final_project/internal/handler/question.go:135.2,136.16 2 1
bairesdev_final_project/internal/handler/question.go:149.2,149.31 1 1
bairesdev_final_project/internal/handler/question.go:165.2,167.18 2 1
bairesdev_final_project/internal/handler/question.go:179.2,179.44 1 1
bairesdev_final_project/internal/handler/question.go:102.16,115.3 5 0
bairesdev_final_project/internal/handler/question.go:121.21,132.3 4 0
bairesdev_final_project/internal/handler/question.go:136.16,147.3 4 0
bairesdev_final_project/internal/handler/question.go:149.31,162.3 5 1
bairesdev_final_project/internal/handler/question.go:167.18,177.3 4 1
bairesdev_final_project/internal/handler/question.go:183.83,197.21 5 1
bairesdev_final_project/internal/handler/question.go:204.2,206.18 2 1
bairesdev_final_project/internal/handler/question.go:218.2,218.47 1 1
bairesdev_final_project/internal/handler/question.go:197.21,201.3 3 0
bairesdev_final_project/internal/handler/question.go:206.18,216.3 4 1
bairesdev_final_project/internal/handler/question.go:222.84,233.18 4 1
bairesdev_final_project/internal/handler/question.go:244.2,244.38 1 1
bairesdev_final_project/internal/handler/question.go:233.18,242.3 3 0
bairesdev_final_project/internal/handler/question.go:248.87,262.21 5 1
bairesdev_final_project/internal/handler/question.go:274.2,276.18 2 1
bairesdev_final_project/internal/handler/question.go:287.2,287.38 1 1
bairesdev_final_project/internal/handler/question.go:262.21,271.3 3 0
bairesdev_final_project/internal/handler/question.go:276.18,285.3 3 0
bairesdev_final_project/internal/handler/question.go:291.48,298.2 6 0
bairesdev_final_project/internal/handler/user.go:24.36,27.2 2 1
bairesdev_final_project/internal/handler/user.go:30.75,43.16 5 1
bairesdev_final_project/internal/handler/user.go:54.2,55.16 2 1
bairesdev_final_project/internal/handler/user.go:67.2,69.18 2 1
bairesdev_final_project/internal/handler/user.go:80.2,81.40 2 1
bairesdev_final_project/internal/handler/user.go:43.16,53.3 4 0
bairesdev_final_project/internal/handler/user.go:55.16,65.3 4 0
bairesdev_final_project/internal/handler/user.go:69.18,78.3 3 0
bairesdev_final_project/internal/handler/user.go:85.75,98.21 5 1
bairesdev_final_project/internal/handler/user.go:110.2,112.18 2 1
bairesdev_final_project/internal/handler/user.go:123.2,123.33 1 1
bairesdev_final_project/internal/handler/user.go:98.21,108.3 4 0
bairesdev_final_project/internal/handler/user.go:112.18,121.3 3 0
bairesdev_final_project/internal/handler/user.go:128.76,139.18 4 1
bairesdev_final_project/internal/handler/user.go:150.2,150.34 1 1
bairesdev_final_project/internal/handler/user.go:139.18,148.3 3 0
bairesdev_final_project/internal/handler/user.go:154.44,160.2 4 0
