mode: set
bairesdev_final_project/internal/handler/question.go:24.44,27.2 2 1
bairesdev_final_project/internal/handler/question.go:30.83,43.16 5 1
bairesdev_final_project/internal/handler/question.go:54.2,55.16 2 1
bairesdev_final_project/internal/handler/question.go:67.2,69.18 2 1
bairesdev_final_project/internal/handler/question.go:81.2,82.44 2 1
bairesdev_final_project/internal/handler/question.go:43.16,53.3 4 0
bairesdev_final_project/internal/handler/question.go:55.16,65.3 4 0
bairesdev_final_project/internal/handler/question.go:69.18,79.3 4 1
bairesdev_final_project/internal/handler/question.go:86.83,102.16 5 1
bairesdev_final_project/internal/handler/question.go:118.2,121.21 3 1
bairesdev_final_project/internal/handler/question.go:135.2,136.16 2 1
bairesdev_final_project/internal/handler/question.go:149.2,149.31 1 1
bairesdev_final_project/internal/handler/question.go:165.2,167.18 2 1
bairesdev_final_project/internal/handler/question.go:179.2,179.44 1 1
bairesdev_final_project/internal/handler/question.go:102.16,115.3 5 0
bairesdev_final_project/internal/handler/question.go:121.21,132.3 4 0
bairesdev_final_project/internal/handler/question.go:136.16,147.3 4 0
bairesdev_final_project/internal/handler/question.go:149.31,162.3 5 1
bairesdev_final_project/internal/handler/question.go:167.18,177.3 4 1
bairesdev_final_project/internal/handler/question.go:183.83,197.21 5 1
bairesdev_final_project/internal/handler/question.go:204.2,206.18 2 1
bairesdev_final_project/internal/handler/question.go:218.2,218.47 1 1
bairesdev_final_project/internal/handler/question.go:197.21,201.3 3 0
bairesdev_final_project/internal/handler/question.go:206.18,216.3 4 1
bairesdev_final_project/internal/handler/question.go:222.84,233.18 4 1
bairesdev_final_project/internal/handler/question.go:244.2,244.38 1 1
bairesdev_final_project/internal/handler/question.go:233.18,242.3 3 0
bairesdev_final_project/internal/handler/question.go:248.87,262.21 5 1
bairesdev_final_project/internal/handler/question.go:274.2,276.18 2 1
bairesdev_final_project/internal/handler/question.go:287.2,287.38 1 1
bairesdev_final_project/internal/handler/question.go:262.21,271.3 3 0
bairesdev_final_project/internal/handler/question.go:276.18,285.3 3 0
bairesdev_final_project/internal/handler/question.go:291.48,298.2 6 0
bairesdev_final_project/internal/handler/user.go:24.36,27.2 2 1
bairesdev_final_project/internal/handler/user.go:30.75,43.16 5 1
bairesdev_final_project/internal/handler/user.go:54.2,55.16 2 1
bairesdev_final_project/internal/handler/user.go:67.2,69.18 2 1
bairesdev_final_project/internal/handler/user.go:80.2,81.40 2 1
bairesdev_final_project/internal/handler/user.go:43.16,53.3 4 0
bairesdev_final_project/internal/handler/user.go:55.16,65.3 4 0
bairesdev_final_project/internal/handler/user.go:69.18,78.3 3 0
bairesdev_final_project/internal/handler/user.go:85.75,98.21 5 1
bairesdev_final_project/internal/handler/user.go:110.2,112.18 2 1
bairesdev_final_project/internal/handler/user.go:123.2,123.33 1 1
bairesdev_final_project/internal/handler/user.go:98.21,108.3 4 0
bairesdev_final_project/internal/handler/user.go:112.18,121.3 3 0
bairesdev_final_project/internal/handler/user.go:128.76,139.18 4 1
bairesdev_final_project/internal/handler/user.go:150.2,150.34 1 1
bairesdev_final_project/internal/handler/user.go:139.18,148.3 3 0
bairesdev_final_project/internal/handler/user.go:154.44,160.2 4 0
bairesdev_final_project/internal/service/user_mock.go:25.85,29.2 3 0
bairesdev_final_project/internal/service/user_mock.go:32.83,34.2 1 0
bairesdev_final_project/internal/service/user_mock.go:37.83,43.2 5 0
bairesdev_final_project/internal/service/user_mock.go:46.87,49.2 2 0
bairesdev_final_project/internal/service/user_mock.go:52.77,58.2 5 0
bairesdev_final_project/internal/service/user_mock.go:61.89,64.2 2 0
bairesdev_final_project/internal/service/user_mock.go:67.69,73.2 5 0
bairesdev_final_project/internal/service/user_mock.go:76.71,79.2 2 0
bairesdev_final_project/internal/service/question.go:33.62,35.2 1 1
bairesdev_final_project/internal/service/question.go:38.87,44.29 2 1
bairesdev_final_project/internal/service/question.go:53.2,53.33 1 1
bairesdev_final_project/internal/service/question.go:44.29,51.3 3 1
bairesdev_final_project/internal/service/question.go:57.87,63.28 2 1
bairesdev_final_project/internal/service/question.go:73.2,73.33 1 1
bairesdev_final_project/internal/service/question.go:63.28,71.3 3 1
bairesdev_final_project/internal/service/question.go:77.49,84.2 2 1
bairesdev_final_project/internal/service/question.go:87.71,94.2 2 1
bairesdev_final_project/internal/service/question.go:97.79,104.2 2 1
bairesdev_final_project/internal/service/question.go:107.65,112.2 2 1
bairesdev_final_project/internal/service/question_mock.go:25.93,29.2 3 0
bairesdev_final_project/internal/service/question_mock.go:32.91,34.2 1 0
bairesdev_final_project/internal/service/question_mock.go:37.95,43.2 5 0
bairesdev_final_project/internal/service/question_mock.go:46.91,49.2 2 0
bairesdev_final_project/internal/service/question_mock.go:52.63,57.2 4 0
bairesdev_final_project/internal/service/question_mock.go:60.91,63.2 2 0
bairesdev_final_project/internal/service/question_mock.go:66.85,72.2 5 0
bairesdev_final_project/internal/service/question_mock.go:75.93,78.2 2 0
bairesdev_final_project/internal/service/question_mock.go:81.89,87.2 5 0
bairesdev_final_project/internal/service/question_mock.go:90.95,93.2 2 0
bairesdev_final_project/internal/service/question_mock.go:96.77,102.2 5 0
bairesdev_final_project/internal/service/question_mock.go:105.75,108.2 2 0
bairesdev_final_project/internal/service/question_mock.go:111.95,117.2 5 0
bairesdev_final_project/internal/service/question_mock.go:120.91,123.2 2 0
bairesdev_final_project/internal/service/user.go:29.54,31.2 1 1
bairesdev_final_project/internal/service/user.go:34.63,41.2 2 1
bairesdev_final_project/internal/service/user.go:44.71,51.2 2 1
bairesdev_final_project/internal/service/user.go:54.57,59.2 2 1
